<?xml version="1.0" encoding="UTF-8"?>
<!-- Generated by org.testng.reporters.JUnitReportReporter -->
<testsuite hostname="QT-INBG-LT1642" failures="0" tests="1" name="Order.SignIn" time="4.363" errors="0" timestamp="2022-09-21T10:47:02 IST" skipped="0">
  <testcase classname="Order.SignIn" name="signin" time="4.363"/>
  <system-out/>
</testsuite> <!-- Order.SignIn -->
