<?xml version="1.0" encoding="UTF-8"?>
<!-- Generated by org.testng.reporters.JUnitReportReporter -->
<testsuite hostname="QT-INBG-LT1642" failures="0" tests="1" name="Quali.Mobile_World.OrderMob" time="11.607" errors="0" timestamp="2022-09-20T15:53:25 IST" skipped="0">
  <testcase classname="Quali.Mobile_World.OrderMob" name="fName" time="11.607"/>
  <system-out/>
</testsuite> <!-- Quali.Mobile_World.OrderMob -->
