<?xml version="1.0" encoding="UTF-8"?>
<!-- Generated by org.testng.reporters.JUnitReportReporter -->
<testsuite hostname="QT-INBG-LT1642" failures="0" tests="1" name="Quali.Mobile_World.OrderMob" time="13.429" errors="0" timestamp="2022-09-21T10:46:13 IST" skipped="0">
  <testcase classname="Quali.Mobile_World.OrderMob" name="fName" time="13.429"/>
  <system-out/>
</testsuite> <!-- Quali.Mobile_World.OrderMob -->
