<?xml version="1.0" encoding="UTF-8"?>
<!-- Generated by org.testng.reporters.JUnitReportReporter -->
<testsuite hostname="QT-INBG-LT1642" failures="0" tests="1" name="Order.SignUp" time="13.453" errors="0" timestamp="2022-09-21T10:47:02 IST" skipped="0">
  <testcase classname="Order.SignUp" name="sigin" time="13.453"/>
  <system-out/>
</testsuite> <!-- Order.SignUp -->
